

Microchip Technology PIC18 LITE Macro Assembler V1.35 build -356382666 
                                                                                               Sun May 09 03:09:11 2021

Microchip Technology Omniscient Code Generator v1.35 (Free mode) build 201507080246
     1                           	processor	18F4550
     2                           	fnconf	rparam,??,?,0
     3                           	opt	pw 120
     4                           	opt	lm
     5                           	psect	cinit,global,reloc=2,class=CODE,delta=1
     6                           	psect	cstackCOMRAM,global,class=COMRAM,space=1,delta=1
     7                           	psect	text0,global,reloc=2,class=CODE,delta=1
     8                           	psect	text1,global,reloc=2,class=CODE,delta=1
     9                           	psect	intsave_regs,global,class=BIGRAM,space=1,delta=1
    10                           	psect	rparam,global,class=COMRAM,space=1,delta=1
    11  0000                     _ADCON1	set	4033
    12  0000                     _PORTDbits	set	3971
    13  0000                     _TRISD	set	3989
    14                           
    15                           ; #config settings
    16  0000                     
    17                           	psect	cinit
    18  007F8E                     __pcinit:
    19                           	opt stack 0
    20  007F8E                     start_initialization:
    21                           	opt stack 0
    22  007F8E                     __initialization:
    23                           	opt stack 0
    24  007F8E                     end_of_initialization:
    25                           	opt stack 0
    26  007F8E                     __end_of__initialization:
    27                           	opt stack 0
    28  007F8E  0100               	movlb	0
    29  007F90  EFE5  F03F         	goto	_main	;jump to C main() function
    30                           
    31                           	psect	cstackCOMRAM
    32  000001                     __pcstackCOMRAM:
    33                           	opt stack 0
    34  000001                     delay_ms@n:
    35                           	opt stack 0
    36                           
    37                           ; 4 bytes @ 0x0
    38  000001                     	ds	4
    39  000005                     ??_delay_ms:
    40                           
    41                           ; 0 bytes @ 0x4
    42  000005                     	ds	1
    43  000006                     
    44                           ; 0 bytes @ 0x5
    45 ;;
    46 ;;Main: autosize = 0, tempsize = 0, incstack = 0, save=0
    47 ;;
    48 ;; *************** function _main *****************
    49 ;; Defined at:
    50 ;;		line 10 in file "ENCENDER_LED.c"
    51 ;; Parameters:    Size  Location     Type
    52 ;;		None
    53 ;; Auto vars:     Size  Location     Type
    54 ;;		None
    55 ;; Return value:  Size  Location     Type
    56 ;;                  2   16[None  ] int 
    57 ;; Registers used:
    58 ;;		wreg, status,2, status,0, cstack
    59 ;; Tracked objects:
    60 ;;		On entry : 0/0
    61 ;;		On exit  : 0/0
    62 ;;		Unchanged: 0/0
    63 ;; Data sizes:     COMRAM   BANK0   BANK1   BANK2   BANK3   BANK4   BANK5   BANK6   BANK7
    64 ;;      Params:         0       0       0       0       0       0       0       0       0
    65 ;;      Locals:         0       0       0       0       0       0       0       0       0
    66 ;;      Temps:          0       0       0       0       0       0       0       0       0
    67 ;;      Totals:         0       0       0       0       0       0       0       0       0
    68 ;;Total ram usage:        0 bytes
    69 ;; Hardware stack levels required when called:    1
    70 ;; This function calls:
    71 ;;		_delay_ms
    72 ;; This function is called by:
    73 ;;		Startup code after reset
    74 ;; This function uses a non-reentrant model
    75 ;;
    76                           
    77                           	psect	text0
    78  007FCA                     __ptext0:
    79                           	opt stack 0
    80  007FCA                     _main:
    81                           	opt stack 30
    82                           
    83                           ;ENCENDER_LED.c: 12: ADCON1=0b00001111;
    84                           
    85                           ;incstack = 0
    86  007FCA  0E0F               	movlw	15
    87  007FCC  6EC1               	movwf	4033,c	;volatile
    88                           
    89                           ;ENCENDER_LED.c: 13: TRISD=0b00000000;
    90  007FCE  0E00               	movlw	0
    91  007FD0  6E95               	movwf	3989,c	;volatile
    92  007FD2                     l642:
    93                           
    94                           ;ENCENDER_LED.c: 17: PORTDbits.RD0=1;
    95  007FD2  8083               	bsf	3971,0,c	;volatile
    96                           
    97                           ;ENCENDER_LED.c: 18: delay_ms(500);
    98  007FD4  0EF4               	movlw	244
    99  007FD6  6E01               	movwf	delay_ms@n,c
   100  007FD8  0E01               	movlw	1
   101  007FDA  6E02               	movwf	delay_ms@n+1,c
   102  007FDC  0E00               	movlw	0
   103  007FDE  6E03               	movwf	delay_ms@n+2,c
   104  007FE0  0E00               	movlw	0
   105  007FE2  6E04               	movwf	delay_ms@n+3,c
   106  007FE4  ECCA  F03F         	call	_delay_ms	;wreg free
   107                           
   108                           ;ENCENDER_LED.c: 19: PORTDbits.RD0=0;
   109  007FE8  9083               	bcf	3971,0,c	;volatile
   110                           
   111                           ;ENCENDER_LED.c: 20: delay_ms(500);
   112  007FEA  0EF4               	movlw	244
   113  007FEC  6E01               	movwf	delay_ms@n,c
   114  007FEE  0E01               	movlw	1
   115  007FF0  6E02               	movwf	delay_ms@n+1,c
   116  007FF2  0E00               	movlw	0
   117  007FF4  6E03               	movwf	delay_ms@n+2,c
   118  007FF6  0E00               	movlw	0
   119  007FF8  6E04               	movwf	delay_ms@n+3,c
   120  007FFA  ECCA  F03F         	call	_delay_ms	;wreg free
   121  007FFE  D7E9               	goto	l642
   122  008000                     __end_of_main:
   123                           	opt stack 0
   124                           
   125 ;; *************** function _delay_ms *****************
   126 ;; Defined at:
   127 ;;		line 157 in file "Alteri.h"
   128 ;; Parameters:    Size  Location     Type
   129 ;;  n               4    0[COMRAM] long 
   130 ;; Auto vars:     Size  Location     Type
   131 ;;		None
   132 ;; Return value:  Size  Location     Type
   133 ;;		None               void
   134 ;; Registers used:
   135 ;;		wreg, status,2, status,0
   136 ;; Tracked objects:
   137 ;;		On entry : 0/0
   138 ;;		On exit  : 0/0
   139 ;;		Unchanged: 0/0
   140 ;; Data sizes:     COMRAM   BANK0   BANK1   BANK2   BANK3   BANK4   BANK5   BANK6   BANK7
   141 ;;      Params:         4       0       0       0       0       0       0       0       0
   142 ;;      Locals:         0       0       0       0       0       0       0       0       0
   143 ;;      Temps:          1       0       0       0       0       0       0       0       0
   144 ;;      Totals:         5       0       0       0       0       0       0       0       0
   145 ;;Total ram usage:        5 bytes
   146 ;; Hardware stack levels used:    1
   147 ;; This function calls:
   148 ;;		Nothing
   149 ;; This function is called by:
   150 ;;		_main
   151 ;; This function uses a non-reentrant model
   152 ;;
   153                           
   154                           	psect	text1
   155  007F94                     __ptext1:
   156                           	opt stack 0
   157  007F94                     _delay_ms:
   158                           	opt stack 30
   159                           
   160                           ;Alteri.h: 159: while(n-- !=0){
   161                           
   162                           ;incstack = 0
   163  007F94  D008               	goto	l638
   164  007F96                     l636:
   165                           
   166                           ;Alteri.h: 160: _delay((unsigned long)((1)*(48000000/4000.0)));
   167  007F96  0E10               	movlw	16
   168  007F98  6E05               	movwf	??_delay_ms& (0+255),c
   169  007F9A  0E94               	movlw	148
   170  007F9C                     u37:
   171  007F9C  2EE8               	decfsz	wreg,f,c
   172  007F9E  D7FE               	goto	u37
   173  007FA0  2E05               	decfsz	??_delay_ms& (0+255),f,c
   174  007FA2  D7FC               	goto	u37
   175  007FA4  D000               	nop2	
   176  007FA6                     l638:
   177  007FA6  0EFF               	movlw	255
   178  007FA8  2601               	addwf	delay_ms@n,f,c
   179  007FAA  0EFF               	movlw	255
   180  007FAC  2202               	addwfc	delay_ms@n+1,f,c
   181  007FAE  0EFF               	movlw	255
   182  007FB0  2203               	addwfc	delay_ms@n+2,f,c
   183  007FB2  0EFF               	movlw	255
   184  007FB4  2204               	addwfc	delay_ms@n+3,f,c
   185  007FB6  2801               	incf	delay_ms@n,w,c
   186  007FB8  E1EE               	bnz	l636
   187  007FBA  2802               	incf	delay_ms@n+1,w,c
   188  007FBC  E1EC               	bnz	l636
   189  007FBE  2803               	incf	delay_ms@n+2,w,c
   190  007FC0  E1EA               	bnz	l636
   191  007FC2  2804               	incf	delay_ms@n+3,w,c
   192  007FC4  B4D8               	btfsc	status,2,c
   193  007FC6  0012               	return	
   194  007FC8  D7E6               	goto	l636
   195  007FCA                     __end_of_delay_ms:
   196                           	opt stack 0
   197  0000                     wreg	equ	0xFE8
   198                           status	equ	0xFD8
   199                           wreg	equ	0xFE8
   200                           status	equ	0xFD8
   201                           
   202                           	psect	rparam
   203  0000                     wreg	equ	0xFE8
   204                           status	equ	0xFD8


Data Sizes:
    Strings     0
    Constant    0
    Data        0
    BSS         0
    Persistent  0
    Stack       0

Auto Spaces:
    Space          Size  Autos    Used
    COMRAM           95      5       5
    BANK0           160      0       0
    BANK1           256      0       0
    BANK2           256      0       0
    BANK3           256      0       0
    BANK4           256      0       0
    BANK5           256      0       0
    BANK6           256      0       0
    BANK7           256      0       0

Pointer List with Targets:

    None.

Critical Paths under _main in COMRAM

    _main->_delay_ms

Critical Paths under _main in BANK0

    None.

Critical Paths under _main in BANK1

    None.

Critical Paths under _main in BANK2

    None.

Critical Paths under _main in BANK3

    None.

Critical Paths under _main in BANK4

    None.

Critical Paths under _main in BANK5

    None.

Critical Paths under _main in BANK6

    None.

Critical Paths under _main in BANK7

    None.

Call Graph Tables:

 ---------------------------------------------------------------------------------
 (Depth) Function   	        Calls       Base Space   Used Autos Params    Refs
 ---------------------------------------------------------------------------------
 (0) _main                                                 0     0      0     108
                           _delay_ms
 ---------------------------------------------------------------------------------
 (1) _delay_ms                                             5     1      4     108
                                              0 COMRAM     5     1      4
 ---------------------------------------------------------------------------------
 Estimated maximum stack depth 1
 ---------------------------------------------------------------------------------

 Call Graph Graphs:

 _main (ROOT)
   _delay_ms

 Address spaces:
Name               Size   Autos  Total    Cost      Usage
BITCOMRAM           5F      0       0       0        0.0%
EEDATA             100      0       0       0        0.0%
NULL                 0      0       0       0        0.0%
CODE                 0      0       0       0        0.0%
COMRAM              5F      5       5       1        5.3%
STACK                0      0       0       2        0.0%
DATA                 0      0       0       3        0.0%
BITBANK0            A0      0       0       4        0.0%
BANK0               A0      0       0       5        0.0%
BITBANK1           100      0       0       6        0.0%
BANK1              100      0       0       7        0.0%
BITBANK2           100      0       0       8        0.0%
BANK2              100      0       0       9        0.0%
BITBANK3           100      0       0      10        0.0%
BANK3              100      0       0      11        0.0%
BITBANK4           100      0       0      12        0.0%
BANK4              100      0       0      13        0.0%
BITBANK5           100      0       0      14        0.0%
BANK5              100      0       0      15        0.0%
BITBANK6           100      0       0      16        0.0%
BANK6              100      0       0      17        0.0%
BITBANK7           100      0       0      18        0.0%
BANK7              100      0       0      19        0.0%
ABS                  0      0       0      20        0.0%
BIGRAM             7FF      0       0      21        0.0%
BITSFR               0      0       0      40        0.0%
SFR                  0      0       0      40        0.0%


Microchip Technology PIC18 Macro Assembler V1.35 build -356382666 
Symbol Table                                                                                   Sun May 09 03:09:11 2021

                     u37 7F9C              __CFG_BOR$ON 000000              __CFG_BORV$3 000000  
           __CFG_CP0$OFF 000000             __CFG_CP1$OFF 000000                      l642 7FD2  
                    l636 7F96                      l638 7FA6             __CFG_CPB$OFF 000000  
                    wreg 000FE8             __CFG_LVP$OFF 000000             __CFG_WDT$OFF 000000  
                   _main 7FCA                     start 0000            __CFG_IESO$OFF 000000  
          __CFG_MCLRE$ON 000000             ___param_bank 000010            __CFG_PLLDIV$5 000000  
                  ?_main 0001            __CFG_USBDIV$2 000000                    _TRISD 000F95  
          __CFG_PWRT$OFF 000000            __CFG_WRT0$OFF 000000            __CFG_WRT1$OFF 000000  
         __CFG_EBTR0$OFF 000000           __CFG_FCMEN$OFF 000000           __CFG_EBTR1$OFF 000000  
          __CFG_WRTB$OFF 000000            __CFG_WRTC$OFF 000000           __CFG_EBTRB$OFF 000000  
                  status 000FD8          __initialization 7F8E             __end_of_main 8000  
                 ??_main 0006            __activetblptr 000000                   _ADCON1 000FC1  
         __CFG_VREGEN$ON 000000         __end_of_delay_ms 7FCA           __CFG_XINST$OFF 000000  
         __CFG_STVREN$ON 000000               __accesstop 0060  __end_of__initialization 7F8E  
        __CFG_PBADEN$OFF 000000            ___rparam_used 000001           __pcstackCOMRAM 0001  
              ?_delay_ms 0001                  __Hparam 0000                  __Lparam 0000  
                __pcinit 7F8E                  __ramtop 0800                  __ptext0 7FCA  
                __ptext1 7F94               ??_delay_ms 0005     end_of_initialization 7F8E  
              _PORTDbits 000F83      start_initialization 7F8E         __CFG_LPT1OSC$OFF 000000  
      __size_of_delay_ms 0036                delay_ms@n 0001         __CFG_WDTPS$32768 000000  
               __Hrparam 0000                 __Lrparam 0000                 _delay_ms 7F94  
          __size_of_main 0036    __CFG_CPUDIV$OSC1_PLL2 000000       __CFG_FOSC$HSPLL_HS 000000  
